#
# There is insufficient memory for the Java Runtime Environment to continue.
# Native memory allocation (malloc) failed to allocate 1117104 bytes for Chunk::new
# Possible reasons:
#   The system is out of physical RAM or swap space
#   The process is running with CompressedOops enabled, and the Java Heap may be blocking the growth of the native heap
# Possible solutions:
#   Reduce memory load on the system
#   Increase physical memory or swap space
#   Check if swap backing store is full
#   Decrease Java heap size (-Xmx/-Xms)
#   Decrease number of Java threads
#   Decrease Java thread stack sizes (-Xss)
#   Set larger code cache with -XX:ReservedCodeCacheSize=
#   JVM is running with Unscaled Compressed Oops mode in which the Java heap is
#     placed in the first 4GB address space. The Java Heap base address is the
#     maximum limit for the native heap growth. Please use -XX:HeapBaseMinAddress
#     to set the Java Heap base and to place the Java Heap above 4GB virtual address.
# This output file may be truncated or incomplete.
#
#  Out of Memory Error (allocation.cpp:389), pid=10368, tid=0x000000000000245c
#
# JRE version: OpenJDK Runtime Environment (8.0_212-b04) (build 1.8.0_212-release-1586-b04)
# Java VM: OpenJDK 64-Bit Server VM (25.212-b04 mixed mode windows-amd64 compressed oops)
# Failed to write core dump. Minidumps are not enabled by default on client versions of Windows
#

---------------  T H R E A D  ---------------

Current thread (0x0000000016529800):  JavaThread "C2 CompilerThread0" daemon [_thread_in_native, id=9308, stack(0x0000000017bb0000,0x0000000017cb0000)]

Stack: [0x0000000017bb0000,0x0000000017cb0000]
[error occurred during error reporting (printing stack bounds), id 0xc0000005]

Native frames: (J=compiled Java code, j=interpreted, Vv=VM code, C=native code)


Current CompileTask:
C2:3688500 24998       4       com.android.tools.r8.dex.DexParser::a (1326 bytes)


---------------  P R O C E S S  ---------------

Java Threads: ( => current thread )
  0x0000000020ee6000 JavaThread "WorkerExecutor Queue Thread 4" [_thread_blocked, id=8040, stack(0x00000000268d0000,0x00000000269d0000)]
  0x0000000020ee5800 JavaThread "WorkerExecutor Queue Thread 3" [_thread_blocked, id=13872, stack(0x00000000261e0000,0x00000000262e0000)]
  0x0000000020ee4000 JavaThread "Cache worker for Java compile cache (G:\ANDROID\sala-giochi\.gradle\5.4.1\javaCompile)" [_thread_blocked, id=7292, stack(0x00000000260e0000,0x00000000261e0000)]
  0x0000000020edc800 JavaThread "stdout" [_thread_in_native, id=5020, stack(0x00000000267d0000,0x00000000268d0000)]
  0x0000000020ee3000 JavaThread "stderr" [_thread_in_native, id=2580, stack(0x00000000266d0000,0x00000000267d0000)]
  0x0000000020ee2800 JavaThread "pool-16-thread-1" [_thread_blocked, id=8936, stack(0x00000000265d0000,0x00000000266d0000)]
  0x0000000020edb000 JavaThread "WorkerExecutor Queue Thread 2" [_thread_blocked, id=6628, stack(0x00000000264d0000,0x00000000265d0000)]
  0x0000000020ee1800 JavaThread "WorkerExecutor Queue" [_thread_in_native, id=6152, stack(0x00000000263d0000,0x00000000264d0000)]
  0x0000000020ede800 JavaThread "Cache worker for execution history cache (G:\ANDROID\sala-giochi\.gradle\5.4.1\executionHistory)" [_thread_blocked, id=7716, stack(0x0000000025de0000,0x0000000025ee0000)]
  0x0000000020ede000 JavaThread "Execution worker for ':' Thread 3" [_thread_blocked, id=872, stack(0x0000000025ce0000,0x0000000025de0000)]
  0x0000000020edb800 JavaThread "Execution worker for ':' Thread 2" [_thread_blocked, id=11120, stack(0x0000000025be0000,0x0000000025ce0000)]
  0x0000000020edf800 JavaThread "Execution worker for ':'" [_thread_blocked, id=5796, stack(0x0000000025ae0000,0x0000000025be0000)]
  0x0000000020eda000 JavaThread "Cache worker for file content cache (G:\ANDROID\sala-giochi\.gradle\5.4.1\fileContent)" [_thread_blocked, id=9964, stack(0x00000000259e0000,0x0000000025ae0000)]
  0x0000000020ed8000 JavaThread "Cache worker for Build Output Cleanup Cache (G:\ANDROID\sala-giochi\.gradle\buildOutputCleanup)" [_thread_blocked, id=6340, stack(0x00000000258e0000,0x00000000259e0000)]
  0x0000000020edd000 JavaThread "Build operations Thread 4" [_thread_blocked, id=13464, stack(0x0000000023a30000,0x0000000023b30000)]
  0x0000000020ed9800 JavaThread "Build operations Thread 3" [_thread_blocked, id=7964, stack(0x0000000023530000,0x0000000023630000)]
  0x0000000020ed8800 JavaThread "Build operations Thread 2" [_thread_blocked, id=7484, stack(0x00000000220f0000,0x00000000221f0000)]
  0x000000002071e800 JavaThread "Build operations" [_thread_blocked, id=11748, stack(0x0000000021ff0000,0x00000000220f0000)]
  0x000000002071f800 JavaThread "Cache worker for cache directory md-rule (C:\Users\Flavio\.gradle\caches\5.4.1\md-rule)" [_thread_blocked, id=12940, stack(0x0000000021cc0000,0x0000000021dc0000)]
  0x000000002071d000 JavaThread "Cache worker for cache directory md-supplier (C:\Users\Flavio\.gradle\caches\5.4.1\md-supplier)" [_thread_blocked, id=3712, stack(0x0000000021bc0000,0x0000000021cc0000)]
  0x000000002071b800 JavaThread "Cache worker for file hash cache (G:\ANDROID\sala-giochi\.gradle\5.4.1\fileHashes)" [_thread_blocked, id=6864, stack(0x0000000021ac0000,0x0000000021bc0000)]
  0x0000000020712000 JavaThread "Thread-125" [_thread_blocked, id=11244, stack(0x00000000202f0000,0x00000000203f0000)]
  0x0000000020716800 JavaThread "Stdin handler" [_thread_blocked, id=6804, stack(0x000000001eb90000,0x000000001ec90000)]
  0x0000000020715800 JavaThread "Asynchronous log dispatcher for DefaultDaemonConnection: socket connection from /127.0.0.1:53584 to /127.0.0.1:57152" [_thread_blocked, id=12696, stack(0x000000001ea90000,0x000000001eb90000)]
  0x0000000020715000 JavaThread "Daemon worker Thread 7" [_thread_blocked, id=13432, stack(0x000000001ae20000,0x000000001af20000)]
  0x0000000020717000 JavaThread "Cancel handler" [_thread_blocked, id=8120, stack(0x000000001ab20000,0x000000001ac20000)]
  0x0000000020714000 JavaThread "Handler for socket connection from /127.0.0.1:53584 to /127.0.0.1:57152" [_thread_in_native, id=13996, stack(0x000000001aa20000,0x000000001ab20000)]
  0x0000000020712800 JavaThread "Daemon Thread 7" [_thread_blocked, id=6636, stack(0x0000000001030000,0x0000000001130000)]
  0x0000000020718000 JavaThread "Cache worker for Java compile cache (C:\Users\Flavio\.gradle\caches\5.4.1\javaCompile)" [_thread_blocked, id=3776, stack(0x0000000026f20000,0x0000000027020000)]
  0x0000000020ee1000 JavaThread "Cache worker for file content cache (C:\Users\Flavio\.gradle\caches\5.4.1\fileContent)" [_thread_blocked, id=7128, stack(0x00000000257e0000,0x00000000258e0000)]
  0x000000001c441800 JavaThread "Memory manager" [_thread_blocked, id=5832, stack(0x0000000022a30000,0x0000000022b30000)]
  0x000000001c439000 JavaThread "Cache worker for execution history cache (C:\Users\Flavio\.gradle\caches\5.4.1\executionHistory)" [_thread_blocked, id=13496, stack(0x00000000203f0000,0x00000000204f0000)]
  0x00000000197c7800 JavaThread "Cache worker for journal cache (C:\Users\Flavio\.gradle\caches\journal-1)" [_thread_blocked, id=5936, stack(0x000000001b120000,0x000000001b220000)]
  0x00000000197ca000 JavaThread "File lock request listener" [_thread_in_native, id=11256, stack(0x000000001b020000,0x000000001b120000)]
  0x00000000197c8800 JavaThread "Cache worker for file hash cache (C:\Users\Flavio\.gradle\caches\5.4.1\fileHashes)" [_thread_blocked, id=9544, stack(0x000000001af20000,0x000000001b020000)]
  0x00000000191a5800 JavaThread "Daemon periodic checks" [_thread_blocked, id=2120, stack(0x000000001a520000,0x000000001a620000)]
  0x00000000191a4000 JavaThread "Incoming local TCP Connector on port 53584" [_thread_in_native, id=2100, stack(0x000000001a2c0000,0x000000001a3c0000)]
  0x00000000199ab800 JavaThread "Daemon health stats" [_thread_blocked, id=9264, stack(0x0000000019c80000,0x0000000019d80000)]
  0x0000000017cb9000 JavaThread "Service Thread" daemon [_thread_blocked, id=9444, stack(0x00000000182b0000,0x00000000183b0000)]
  0x0000000017cb4000 JavaThread "C1 CompilerThread2" daemon [_thread_blocked, id=5284, stack(0x00000000181b0000,0x00000000182b0000)]
  0x0000000017cb1000 JavaThread "C2 CompilerThread1" daemon [_thread_in_native, id=4356, stack(0x00000000180b0000,0x00000000181b0000)]
=>0x0000000016529800 JavaThread "C2 CompilerThread0" daemon [_thread_in_native, id=9308, stack(0x0000000017bb0000,0x0000000017cb0000)]
  0x0000000016528800 JavaThread "Attach Listener" daemon [_thread_blocked, id=3088, stack(0x0000000017ab0000,0x0000000017bb0000)]
  0x0000000016527000 JavaThread "Signal Dispatcher" daemon [_thread_blocked, id=13028, stack(0x00000000179b0000,0x0000000017ab0000)]
  0x0000000002b25800 JavaThread "Finalizer" daemon [_thread_blocked, id=2520, stack(0x0000000017790000,0x0000000017890000)]
  0x0000000016509000 JavaThread "Reference Handler" daemon [_thread_blocked, id=9200, stack(0x0000000017690000,0x0000000017790000)]
  0x000000000125e800 JavaThread "main" [_thread_blocked, id=11728, stack(0x0000000001130000,0x0000000001230000)]

Other Threads:
  0x00000000164e7800 VMThread [stack: 0x0000000017590000,0x0000000017690000] [id=10272]
  0x0000000017cba000 WatcherThread [stack: 0x00000000183b0000,0x00000000184b0000] [id=5240]

VM state:not at safepoint (normal execution)

VM Mutex/Monitor currently owned by a thread: None

heap address: 0x00000000a0000000, size: 1536 MB, Compressed Oops mode: 32-bit
Narrow klass base: 0x0000000000000000, Narrow klass shift: 3
Compressed class space size: 1073741824 Address: 0x0000000100000000

Heap:
 PSYoungGen      total 486400K, used 226655K [0x00000000e0000000, 0x0000000100000000, 0x0000000100000000)
  eden space 451072K, 46% used [0x00000000e0000000,0x00000000ecc12050,0x00000000fb880000)
  from space 35328K, 50% used [0x00000000fda00000,0x00000000feb45e30,0x00000000ffc80000)
  to   space 34304K, 0% used [0x00000000fb880000,0x00000000fb880000,0x00000000fda00000)
 ParOldGen       total 191488K, used 109780K [0x00000000a0000000, 0x00000000abb00000, 0x00000000e0000000)
  object space 191488K, 57% used [0x00000000a0000000,0x00000000a6b352c0,0x00000000abb00000)
 Metaspace       used 104720K, capacity 110178K, committed 110248K, reserved 1144832K
  class space    used 13127K, capacity 14198K, committed 14248K, reserved 1048576K

Card table byte_map: [0x0000000011f70000,0x0000000012280000] byte_map_base: 0x0000000011a70000

Marking Bits: (ParMarkBitMap*) 0x00000000603c9f30
 Begin Bits: [0x0000000012880000, 0x0000000014080000)
 End Bits:   [0x0000000014080000, 0x0000000015880000)

Polling page: 0x00000000009f0000

CodeCache: size=245760Kb used=70761Kb max_used=71388Kb free=174998Kb
 bounds [0x0000000002bb0000, 0x0000000007210000, 0x0000000011bb0000]
 total_blobs=20773 nmethods=19853 adapters=832
 compilation: enabled

Compilation events (10 events):
Event: 3688.356 Thread 0x0000000017cb4000 25186       2       com.android.tools.build.apkzlib.zip.InflaterByteSource::innerClose (8 bytes)
Event: 3688.356 Thread 0x0000000017cb4000 nmethod 25186 0x0000000004fe7050 code [0x0000000004fe71c0, 0x0000000004fe7568]
Event: 3688.458 Thread 0x0000000017cb4000 25187       2       java.math.BigInteger::compareMagnitude (96 bytes)
Event: 3688.458 Thread 0x0000000017cb4000 nmethod 25187 0x000000000398fed0 code [0x0000000003990040, 0x00000000039902b0]
Event: 3688.466 Thread 0x0000000017cb4000 25188       2       java.math.MutableBigInteger::divideMagnitude (1307 bytes)
Event: 3688.468 Thread 0x0000000017cb4000 nmethod 25188 0x000000000585d2d0 code [0x000000000585d580, 0x000000000585e9f8]
Event: 3688.481 Thread 0x0000000017cb4000 25189 %     3       com.google.common.io.ByteStreams::copy @ 16 (51 bytes)
Event: 3688.481 Thread 0x0000000017cb4000 nmethod 25189% 0x0000000005780b50 code [0x0000000005780d20, 0x00000000057814f8]
Event: 3688.481 Thread 0x0000000017cb4000 25190       3       com.google.common.io.ByteStreams::copy (51 bytes)
Event: 3688.482 Thread 0x0000000017cb4000 nmethod 25190 0x0000000006b59d90 code [0x0000000006b59f60, 0x0000000006b5a6b8]

GC Heap History (10 events):
Event: 516.674 GC heap before
{Heap before GC invocations=26 (full 4):
 PSYoungGen      total 471552K, used 18292K [0x00000000e0000000, 0x0000000100000000, 0x0000000100000000)
  eden space 438272K, 0% used [0x00000000e0000000,0x00000000e000e280,0x00000000fac00000)
  from space 33280K, 54% used [0x00000000fac00000,0x00000000fbdcf128,0x00000000fcc80000)
  to   space 32768K, 0% used [0x00000000fe000000,0x00000000fe000000,0x0000000100000000)
 ParOldGen       total 191488K, used 74794K [0x00000000a0000000, 0x00000000abb00000, 0x00000000e0000000)
  object space 191488K, 39% used [0x00000000a0000000,0x00000000a490abc0,0x00000000abb00000)
 Metaspace       used 101278K, capacity 106018K, committed 106152K, reserved 1142784K
  class space    used 12757K, capacity 13711K, committed 13736K, reserved 1048576K
Event: 516.689 GC heap after
Heap after GC invocations=26 (full 4):
 PSYoungGen      total 489472K, used 32K [0x00000000e0000000, 0x0000000100000000, 0x0000000100000000)
  eden space 456704K, 0% used [0x00000000e0000000,0x00000000e0000000,0x00000000fbe00000)
  from space 32768K, 0% used [0x00000000fe000000,0x00000000fe008000,0x0000000100000000)
  to   space 33792K, 0% used [0x00000000fbe00000,0x00000000fbe00000,0x00000000fdf00000)
 ParOldGen       total 191488K, used 92932K [0x00000000a0000000, 0x00000000abb00000, 0x00000000e0000000)
  object space 191488K, 48% used [0x00000000a0000000,0x00000000a5ac11c0,0x00000000abb00000)
 Metaspace       used 101278K, capacity 106018K, committed 106152K, reserved 1142784K
  class space    used 12757K, capacity 13711K, committed 13736K, reserved 1048576K
}
Event: 2680.560 GC heap before
{Heap before GC invocations=27 (full 4):
 PSYoungGen      total 489472K, used 456736K [0x00000000e0000000, 0x0000000100000000, 0x0000000100000000)
  eden space 456704K, 100% used [0x00000000e0000000,0x00000000fbe00000,0x00000000fbe00000)
  from space 32768K, 0% used [0x00000000fe000000,0x00000000fe008000,0x0000000100000000)
  to   space 33792K, 0% used [0x00000000fbe00000,0x00000000fbe00000,0x00000000fdf00000)
 ParOldGen       total 191488K, used 92932K [0x00000000a0000000, 0x00000000abb00000, 0x00000000e0000000)
  object space 191488K, 48% used [0x00000000a0000000,0x00000000a5ac11c0,0x00000000abb00000)
 Metaspace       used 103661K, capacity 108914K, committed 109096K, reserved 1144832K
  class space    used 13015K, capacity 14072K, committed 14120K, reserved 1048576K
Event: 2680.593 GC heap after
Heap after GC invocations=27 (full 4):
 PSYoungGen      total 486912K, used 29832K [0x00000000e0000000, 0x0000000100000000, 0x0000000100000000)
  eden space 456704K, 0% used [0x00000000e0000000,0x00000000e0000000,0x00000000fbe00000)
  from space 30208K, 98% used [0x00000000fbe00000,0x00000000fdb22038,0x00000000fdb80000)
  to   space 37376K, 0% used [0x00000000fdb80000,0x00000000fdb80000,0x0000000100000000)
 ParOldGen       total 191488K, used 92940K [0x00000000a0000000, 0x00000000abb00000, 0x00000000e0000000)
  object space 191488K, 48% used [0x00000000a0000000,0x00000000a5ac31c0,0x00000000abb00000)
 Metaspace       used 103661K, capacity 108914K, committed 109096K, reserved 1144832K
  class space    used 13015K, capacity 14072K, committed 14120K, reserved 1048576K
}
Event: 3684.263 GC heap before
{Heap before GC invocations=28 (full 4):
 PSYoungGen      total 486912K, used 486536K [0x00000000e0000000, 0x0000000100000000, 0x0000000100000000)
  eden space 456704K, 100% used [0x00000000e0000000,0x00000000fbe00000,0x00000000fbe00000)
  from space 30208K, 98% used [0x00000000fbe00000,0x00000000fdb22038,0x00000000fdb80000)
  to   space 37376K, 0% used [0x00000000fdb80000,0x00000000fdb80000,0x0000000100000000)
 ParOldGen       total 191488K, used 92940K [0x00000000a0000000, 0x00000000abb00000, 0x00000000e0000000)
  object space 191488K, 48% used [0x00000000a0000000,0x00000000a5ac31c0,0x00000000abb00000)
 Metaspace       used 104500K, capacity 109962K, committed 110248K, reserved 1144832K
  class space    used 13117K, capacity 14184K, committed 14248K, reserved 1048576K
Event: 3684.283 GC heap after
Heap after GC invocations=28 (full 4):
 PSYoungGen      total 487424K, used 18077K [0x00000000e0000000, 0x0000000100000000, 0x0000000100000000)
  eden space 450048K, 0% used [0x00000000e0000000,0x00000000e0000000,0x00000000fb780000)
  from space 37376K, 48% used [0x00000000fdb80000,0x00000000fed27498,0x0000000100000000)
  to   space 36864K, 0% used [0x00000000fb780000,0x00000000fb780000,0x00000000fdb80000)
 ParOldGen       total 191488K, used 101458K [0x00000000a0000000, 0x00000000abb00000, 0x00000000e0000000)
  object space 191488K, 52% used [0x00000000a0000000,0x00000000a6314878,0x00000000abb00000)
 Metaspace       used 104500K, capacity 109962K, committed 110248K, reserved 1144832K
  class space    used 13117K, capacity 14184K, committed 14248K, reserved 1048576K
}
Event: 3685.941 GC heap before
{Heap before GC invocations=29 (full 4):
 PSYoungGen      total 487424K, used 468125K [0x00000000e0000000, 0x0000000100000000, 0x0000000100000000)
  eden space 450048K, 100% used [0x00000000e0000000,0x00000000fb780000,0x00000000fb780000)
  from space 37376K, 48% used [0x00000000fdb80000,0x00000000fed27498,0x0000000100000000)
  to   space 36864K, 0% used [0x00000000fb780000,0x00000000fb780000,0x00000000fdb80000)
 ParOldGen       total 191488K, used 101458K [0x00000000a0000000, 0x00000000abb00000, 0x00000000e0000000)
  object space 191488K, 52% used [0x00000000a0000000,0x00000000a6314878,0x00000000abb00000)
 Metaspace       used 104647K, capacity 110104K, committed 110248K, reserved 1144832K
  class space    used 13126K, capacity 14197K, committed 14248K, reserved 1048576K
Event: 3685.966 GC heap after
Heap after GC invocations=29 (full 4):
 PSYoungGen      total 467968K, used 17702K [0x00000000e0000000, 0x00000000ffc80000, 0x0000000100000000)
  eden space 450048K, 0% used [0x00000000e0000000,0x00000000e0000000,0x00000000fb780000)
  from space 17920K, 98% used [0x00000000fb780000,0x00000000fc8c9b38,0x00000000fc900000)
  to   space 35328K, 0% used [0x00000000fda00000,0x00000000fda00000,0x00000000ffc80000)
 ParOldGen       total 191488K, used 108150K [0x00000000a0000000, 0x00000000abb00000, 0x00000000e0000000)
  object space 191488K, 56% used [0x00000000a0000000,0x00000000a699d900,0x00000000abb00000)
 Metaspace       used 104647K, capacity 110104K, committed 110248K, reserved 1144832K
  class space    used 13126K, capacity 14197K, committed 14248K, reserved 1048576K
}
Event: 3687.291 GC heap before
{Heap before GC invocations=30 (full 4):
 PSYoungGen      total 467968K, used 467750K [0x00000000e0000000, 0x00000000ffc80000, 0x0000000100000000)
  eden space 450048K, 100% used [0x00000000e0000000,0x00000000fb780000,0x00000000fb780000)
  from space 17920K, 98% used [0x00000000fb780000,0x00000000fc8c9b38,0x00000000fc900000)
  to   space 35328K, 0% used [0x00000000fda00000,0x00000000fda00000,0x00000000ffc80000)
 ParOldGen       total 191488K, used 108150K [0x00000000a0000000, 0x00000000abb00000, 0x00000000e0000000)
  object space 191488K, 56% used [0x00000000a0000000,0x00000000a699d900,0x00000000abb00000)
 Metaspace       used 104691K, capacity 110174K, committed 110248K, reserved 1144832K
  class space    used 13127K, capacity 14198K, committed 14248K, reserved 1048576K
Event: 3687.307 GC heap after
Heap after GC invocations=30 (full 4):
 PSYoungGen      total 486400K, used 17687K [0x00000000e0000000, 0x0000000100000000, 0x0000000100000000)
  eden space 451072K, 0% used [0x00000000e0000000,0x00000000e0000000,0x00000000fb880000)
  from space 35328K, 50% used [0x00000000fda00000,0x00000000feb45e30,0x00000000ffc80000)
  to   space 34304K, 0% used [0x00000000fb880000,0x00000000fb880000,0x00000000fda00000)
 ParOldGen       total 191488K, used 109780K [0x00000000a0000000, 0x00000000abb00000, 0x00000000e0000000)
  object space 191488K, 57% used [0x00000000a0000000,0x00000000a6b352c0,0x00000000abb00000)
 Metaspace       used 104691K, capacity 110174K, committed 110248K, reserved 1144832K
  class space    used 13127K, capacity 14198K, committed 14248K, reserved 1048576K
}

Deoptimization events (10 events):
Event: 3686.048 Thread 0x0000000020ee1800 Uncommon trap: reason=array_check action=maybe_recompile pc=0x0000000007084bb8 method=java.util.TimSort.mergeLo(IIII)V @ 212
Event: 3686.048 Thread 0x0000000020ee1800 Uncommon trap: reason=array_check action=maybe_recompile pc=0x000000000709dc38 method=java.util.TimSort.mergeHi(IIII)V @ 250
Event: 3686.048 Thread 0x0000000020ee1800 Uncommon trap: reason=array_check action=maybe_recompile pc=0x000000000709dc38 method=java.util.TimSort.mergeHi(IIII)V @ 250
Event: 3686.188 Thread 0x0000000020edb000 Uncommon trap: reason=array_check action=maybe_recompile pc=0x0000000004c3cbbc method=java.util.TimSort.mergeHi(IIII)V @ 250
Event: 3687.026 Thread 0x0000000020edf800 Uncommon trap: reason=array_check action=maybe_recompile pc=0x000000000715d56c method=java.util.TimSort.mergeLo(IIII)V @ 245
Event: 3687.026 Thread 0x0000000020edf800 Uncommon trap: reason=array_check action=maybe_recompile pc=0x000000000715d56c method=java.util.TimSort.mergeLo(IIII)V @ 245
Event: 3687.026 Thread 0x0000000020edf800 Uncommon trap: reason=array_check action=maybe_recompile pc=0x000000000715ad94 method=java.util.TimSort.mergeHi(IIII)V @ 282
Event: 3687.026 Thread 0x0000000020edf800 Uncommon trap: reason=array_check action=maybe_recompile pc=0x000000000715ad94 method=java.util.TimSort.mergeHi(IIII)V @ 282
Event: 3688.233 Thread 0x0000000020ee1800 Uncommon trap: reason=array_check action=maybe_recompile pc=0x00000000033654a8 method=com.google.common.collect.RegularImmutableMap.fromEntryArray(I[Ljava/util/Map$Entry;)Lcom/google/common/collect/ImmutableMap; @ 157
Event: 3688.233 Thread 0x0000000020ee1800 Uncommon trap: reason=array_check action=maybe_recompile pc=0x00000000033654a8 method=com.google.common.collect.RegularImmutableMap.fromEntryArray(I[Ljava/util/Map$Entry;)Lcom/google/common/collect/ImmutableMap; @ 157

Classes redefined (0 events):
No events

Internal exceptions (10 events):
Event: 3686.411 Thread 0x0000000020edb000 Exception <a 'sun/nio/fs/WindowsException'> (0x00000000ee902660) thrown at [D:\src\AOSP-openjdk-cygwin\jdk8u\hotspot\src\share\vm\prims\jni.cpp, line 710]
Event: 3686.411 Thread 0x0000000020edb000 Exception <a 'sun/nio/fs/WindowsException'> (0x00000000ee90b8e8) thrown at [D:\src\AOSP-openjdk-cygwin\jdk8u\hotspot\src\share\vm\prims\jni.cpp, line 710]
Event: 3686.412 Thread 0x0000000020edb000 Exception <a 'sun/nio/fs/WindowsException'> (0x00000000ee912d50) thrown at [D:\src\AOSP-openjdk-cygwin\jdk8u\hotspot\src\share\vm\prims\jni.cpp, line 710]
Event: 3686.412 Thread 0x0000000020edb000 Exception <a 'sun/nio/fs/WindowsException'> (0x00000000ee9d95f0) thrown at [D:\src\AOSP-openjdk-cygwin\jdk8u\hotspot\src\share\vm\prims\jni.cpp, line 710]
Event: 3686.419 Thread 0x0000000020edb000 Exception <a 'sun/nio/fs/WindowsException'> (0x00000000eea21d68) thrown at [D:\src\AOSP-openjdk-cygwin\jdk8u\hotspot\src\share\vm\prims\jni.cpp, line 710]
Event: 3686.500 Thread 0x0000000020ee5800 Exception <a 'sun/nio/fs/WindowsException'> (0x00000000f0a8c4f0) thrown at [D:\src\AOSP-openjdk-cygwin\jdk8u\hotspot\src\share\vm\prims\jni.cpp, line 710]
Event: 3686.631 Thread 0x0000000020ee7000 Exception <a 'sun/nio/fs/WindowsException'> (0x00000000f4867308) thrown at [D:\src\AOSP-openjdk-cygwin\jdk8u\hotspot\src\share\vm\prims\jni.cpp, line 710]
Event: 3687.061 Thread 0x0000000020edf800 Exception <a 'sun/nio/fs/WindowsException'> (0x00000000f93d0828) thrown at [D:\src\AOSP-openjdk-cygwin\jdk8u\hotspot\src\share\vm\prims\jni.cpp, line 710]
Event: 3687.141 Thread 0x0000000020ee6000 Exception <a 'sun/nio/fs/WindowsException'> (0x00000000f9c05f98) thrown at [D:\src\AOSP-openjdk-cygwin\jdk8u\hotspot\src\share\vm\prims\jni.cpp, line 710]
Event: 3688.157 Thread 0x000000001c43f000 Exception <a 'sun/nio/fs/WindowsException'> (0x00000000e8879018) thrown at [D:\src\AOSP-openjdk-cygwin\jdk8u\hotspot\src\share\vm\prims\jni.cpp, line 710]

Events (10 events):
Event: 3688.465 Thread 0x0000000020ee1800 DEOPT PACKING pc=0x0000000003a033e5 sp=0x00000000264cd660
Event: 3688.465 Thread 0x0000000020ee1800 DEOPT UNPACKING pc=0x0000000002bf75d0 sp=0x00000000264cd360 mode 0
Event: 3688.465 Thread 0x0000000020ee1800 DEOPT PACKING pc=0x0000000003a03caa sp=0x00000000264cd6b0
Event: 3688.465 Thread 0x0000000020ee1800 DEOPT UNPACKING pc=0x0000000002bf75d0 sp=0x00000000264cd3f8 mode 0
Event: 3688.466 Thread 0x0000000020ee1800 DEOPT PACKING pc=0x0000000003a033e5 sp=0x00000000264cd660
Event: 3688.466 Thread 0x0000000020ee1800 DEOPT UNPACKING pc=0x0000000002bf75d0 sp=0x00000000264cd360 mode 0
Event: 3688.466 Thread 0x0000000020ee1800 DEOPT PACKING pc=0x0000000003a03caa sp=0x00000000264cd6b0
Event: 3688.466 Thread 0x0000000020ee1800 DEOPT UNPACKING pc=0x0000000002bf75d0 sp=0x00000000264cd3f8 mode 0
Event: 3688.482 Thread 0x0000000020ee1800 DEOPT PACKING pc=0x00000000035913a1 sp=0x00000000264ce0b0
Event: 3688.482 Thread 0x0000000020ee1800 DEOPT UNPACKING pc=0x0000000002bf75d0 sp=0x00000000264cde00 mode 0


Dynamic libraries:
0x00007ff6a4c50000 - 0x00007ff6a4c81000 	C:\Program Files\Android\Android Studio\jre\bin\java.exe
0x00007ffbfed40000 - 0x00007ffbfef30000 	C:\WINDOWS\SYSTEM32\ntdll.dll
0x00007ffbfe880000 - 0x00007ffbfe932000 	C:\WINDOWS\System32\KERNEL32.DLL
0x00007ffbfc130000 - 0x00007ffbfc3d3000 	C:\WINDOWS\System32\KERNELBASE.dll
0x00007ffbfeaf0000 - 0x00007ffbfeb93000 	C:\WINDOWS\System32\ADVAPI32.dll
0x00007ffbfdb70000 - 0x00007ffbfdc0e000 	C:\WINDOWS\System32\msvcrt.dll
0x00007ffbfdf60000 - 0x00007ffbfdff7000 	C:\WINDOWS\System32\sechost.dll
0x00007ffbfd350000 - 0x00007ffbfd470000 	C:\WINDOWS\System32\RPCRT4.dll
0x00007ffbfcf00000 - 0x00007ffbfd094000 	C:\WINDOWS\System32\USER32.dll
0x00007ffbfbe80000 - 0x00007ffbfbea1000 	C:\WINDOWS\System32\win32u.dll
0x00007ffbfe660000 - 0x00007ffbfe686000 	C:\WINDOWS\System32\GDI32.dll
0x00007ffbfc3e0000 - 0x00007ffbfc574000 	C:\WINDOWS\System32\gdi32full.dll
0x00007ffbfc580000 - 0x00007ffbfc61e000 	C:\WINDOWS\System32\msvcp_win.dll
0x00007ffbfc030000 - 0x00007ffbfc12a000 	C:\WINDOWS\System32\ucrtbase.dll
0x00007ffbf1560000 - 0x00007ffbf17e5000 	C:\WINDOWS\WinSxS\amd64_microsoft.windows.common-controls_6595b64144ccf1df_6.0.18362.657_none_e6c5b579130e3898\COMCTL32.dll
0x00007ffbfdc10000 - 0x00007ffbfdf46000 	C:\WINDOWS\System32\combase.dll
0x00007ffbfbeb0000 - 0x00007ffbfbf30000 	C:\WINDOWS\System32\bcryptPrimitives.dll
0x00007ffbfe850000 - 0x00007ffbfe87e000 	C:\WINDOWS\System32\IMM32.DLL
0x000000005fa40000 - 0x000000005fb12000 	C:\Program Files\Android\Android Studio\jre\jre\bin\msvcr100.dll
0x000000005fc00000 - 0x0000000060446000 	C:\Program Files\Android\Android Studio\jre\jre\bin\server\jvm.dll
0x00007ffbfd470000 - 0x00007ffbfd478000 	C:\WINDOWS\System32\PSAPI.DLL
0x00007ffbef980000 - 0x00007ffbef989000 	C:\WINDOWS\SYSTEM32\WSOCK32.dll
0x00007ffbf9c60000 - 0x00007ffbf9c84000 	C:\WINDOWS\SYSTEM32\WINMM.dll
0x00007ffbfe0d0000 - 0x00007ffbfe13f000 	C:\WINDOWS\System32\WS2_32.dll
0x00007ffbf6050000 - 0x00007ffbf605a000 	C:\WINDOWS\SYSTEM32\VERSION.dll
0x00007ffbf9c30000 - 0x00007ffbf9c5d000 	C:\WINDOWS\SYSTEM32\WINMMBASE.dll
0x00007ffbfcda0000 - 0x00007ffbfcdea000 	C:\WINDOWS\System32\cfgmgr32.dll
0x00007ffbf9e10000 - 0x00007ffbf9e1f000 	C:\Program Files\Android\Android Studio\jre\jre\bin\verify.dll
0x00007ffbf1fe0000 - 0x00007ffbf2009000 	C:\Program Files\Android\Android Studio\jre\jre\bin\java.dll
0x00007ffbf1430000 - 0x00007ffbf1446000 	C:\Program Files\Android\Android Studio\jre\jre\bin\zip.dll
0x00007ffbfd480000 - 0x00007ffbfdb65000 	C:\WINDOWS\System32\SHELL32.dll
0x00007ffbfe5b0000 - 0x00007ffbfe659000 	C:\WINDOWS\System32\shcore.dll
0x00007ffbfc620000 - 0x00007ffbfcd9f000 	C:\WINDOWS\System32\windows.storage.dll
0x00007ffbfbc60000 - 0x00007ffbfbc7f000 	C:\WINDOWS\System32\profapi.dll
0x00007ffbfbc80000 - 0x00007ffbfbcca000 	C:\WINDOWS\System32\powrprof.dll
0x00007ffbfbc10000 - 0x00007ffbfbc20000 	C:\WINDOWS\System32\UMPDC.dll
0x00007ffbfea90000 - 0x00007ffbfeae2000 	C:\WINDOWS\System32\shlwapi.dll
0x00007ffbfbc40000 - 0x00007ffbfbc51000 	C:\WINDOWS\System32\kernel.appcore.dll
0x00007ffbfbf30000 - 0x00007ffbfbf47000 	C:\WINDOWS\System32\cryptsp.dll
0x00007ffbf0cc0000 - 0x00007ffbf0cda000 	C:\Program Files\Android\Android Studio\jre\jre\bin\net.dll
0x00007ffbf2bd0000 - 0x00007ffbf2da6000 	C:\WINDOWS\SYSTEM32\urlmon.dll
0x00007ffbf2920000 - 0x00007ffbf2bc6000 	C:\WINDOWS\SYSTEM32\iertutil.dll
0x00007ffbfb650000 - 0x00007ffbfb65c000 	C:\WINDOWS\SYSTEM32\CRYPTBASE.DLL
0x00007ffbfb480000 - 0x00007ffbfb4e7000 	C:\WINDOWS\system32\mswsock.dll
0x00007ffbef9d0000 - 0x00007ffbef9e3000 	C:\Program Files\Android\Android Studio\jre\jre\bin\nio.dll
0x00007ffbdb2a0000 - 0x00007ffbdb2c6000 	C:\Users\Flavio\.gradle\native\29\windows-amd64\native-platform.dll
0x00007ffbf84a0000 - 0x00007ffbf84ad000 	C:\Program Files\Android\Android Studio\jre\jre\bin\management.dll
0x00007ffbfaff0000 - 0x00007ffbfb023000 	C:\WINDOWS\system32\rsaenh.dll
0x00007ffbfc000000 - 0x00007ffbfc026000 	C:\WINDOWS\System32\bcrypt.dll
0x00007ffbfbb30000 - 0x00007ffbfbb55000 	C:\WINDOWS\SYSTEM32\USERENV.dll
0x00007ffbfb190000 - 0x00007ffbfb1ca000 	C:\WINDOWS\SYSTEM32\IPHLPAPI.DLL
0x00007ffbfe690000 - 0x00007ffbfe698000 	C:\WINDOWS\System32\NSI.dll
0x00007ffbf55d0000 - 0x00007ffbf55e6000 	C:\WINDOWS\SYSTEM32\dhcpcsvc6.DLL
0x00007ffbf5670000 - 0x00007ffbf568c000 	C:\WINDOWS\SYSTEM32\dhcpcsvc.DLL
0x00007ffbfb1d0000 - 0x00007ffbfb29a000 	C:\WINDOWS\SYSTEM32\DNSAPI.dll
0x00007ffbe2cf0000 - 0x00007ffbe2d14000 	C:\Program Files\Android\Android Studio\jre\jre\bin\sunec.dll
0x00007ffbf5020000 - 0x00007ffbf502a000 	C:\Windows\System32\rasadhlp.dll
0x00007ffbf50f0000 - 0x00007ffbf5167000 	C:\WINDOWS\System32\fwpuclnt.dll
0x00007ffbf7b30000 - 0x00007ffbf7b3b000 	C:\Program Files\Android\Android Studio\jre\jre\bin\sunmscapi.dll
0x00007ffbfbd30000 - 0x00007ffbfbe79000 	C:\WINDOWS\System32\CRYPT32.dll
0x00007ffbfbc20000 - 0x00007ffbfbc32000 	C:\WINDOWS\System32\MSASN1.dll

VM Arguments:
jvm_args: -Xmx1536m -Dfile.encoding=windows-1252 -Duser.country=IT -Duser.language=it -Duser.variant 
java_command: org.gradle.launcher.daemon.bootstrap.GradleDaemon 5.4.1
java_class_path (initial): C:\Users\Flavio\.gradle\wrapper\dists\gradle-5.4.1-all\3221gyojl5jsh0helicew7rwx\gradle-5.4.1\lib\gradle-launcher-5.4.1.jar
Launcher Type: SUN_STANDARD

Environment Variables:
JAVA_HOME=C:\Program Files\Java\jdk-10
PATH=C:\Program Files (x86)\Common Files\Oracle\Java\javapath;C:\Windows\system32;C:\Windows;C:\Windows\System32\Wbem;C:\Windows\System32\WindowsPowerShell\v1.0\;C:\Windows\System32\OpenSSH\;C:\Program Files\NVIDIA Corporation\NVIDIA NvDLISR;C:\WINDOWS\system32;C:\WINDOWS;C:\WINDOWS\System32\Wbem;C:\WINDOWS\System32\WindowsPowerShell\v1.0\;C:\WINDOWS\System32\OpenSSH\;C:\Program Files\Git\cmd;C:\apache-maven-3.5.4\bin;C:\apache-maven-3.5.4\bin;C:\Program Files\Java\jdk-10\bin;G:\Dwimperl\perl\bin;G:\Dwimperl\perl\site\bin;G:\Dwimperl\c\bin;C:\Program Files (x86)\Subversion\bin;C:\Program Files\TortoiseSVN\bin;C:\wamp64\bin\mysql\mysql5.7.28\bin;C:\Program Files\dotnet\;C:\Program Files\Microsoft SQL Server\130\Tools\Binn\;C:\Users\Flavio\AppData\Local\Programs\Python\Python37-32\Scripts\;C:\Users\Flavio\AppData\Local\Programs\Python\Python37-32\;C:\Users\Flavio\AppData\Local\Microsoft\WindowsApps;
USERNAME=Flavio
OS=Windows_NT
PROCESSOR_IDENTIFIER=Intel64 Family 6 Model 158 Stepping 9, GenuineIntel



---------------  S Y S T E M  ---------------

OS: Windows 10.0 , 64 bit Build 18362 (10.0.18362.329)

CPU:total 4 (initial active 4) (4 cores per cpu, 1 threads per core) family 6 model 158 stepping 9, cmov, cx8, fxsr, mmx, sse, sse2, sse3, ssse3, sse4.1, sse4.2, popcnt, avx, avx2, aes, clmul, erms, 3dnowpref, lzcnt, tsc, tscinvbit, bmi1, bmi2, adx

Memory: 4k page, physical 8351344k(517052k free), swap 22925164k(3388k free)

vm_info: OpenJDK 64-Bit Server VM (25.212-b04) for windows-amd64 JRE (1.8.0_212-release-1586-b04), built by "builder" with MS VC++ 10.0 (VS2010)

time: Mon Mar 09 18:29:26 2020
timezone: ora solare Europa occidentale
elapsed time: 3688 seconds (0d 1h 1m 28s)

